{"uid":"a14ea277be66b647","name":"Проверка заголовка Not Google","fullName":"tests.test_google#test_google_title","historyId":"ec3678db96a09c8e0a256ae394ea7a69","time":{"start":1751241669551,"stop":1751241670132,"duration":581},"status":"failed","statusMessage":"AssertionError: assert 'Not Google' in 'Google'\n +  where 'Google' = <selenium.webdriver.remote.webdriver.WebDriver (session=\"12a9282db1055a4d3141a1011a49b755\")>.title","statusTrace":"driver = <selenium.webdriver.remote.webdriver.WebDriver (session=\"12a9282db1055a4d3141a1011a49b755\")>\n\n    @allure.title(\"Проверка заголовка Not Google\")\n    @allure.severity(allure.severity_level.CRITICAL)\n    @pytest.mark.parametrize(\"driver\", [\"chrome\", \"firefox\"], indirect=True)\n    def test_google_title(driver):\n        with allure.step(\"Открываем Google\"):\n            driver.get(\"https://www.google.com\")\n    \n        with allure.step(\"Проверяем заголовок\"):\n>           assert \"Not Google\" in driver.title\nE           assert 'Not Google' in 'Google'\nE            +  where 'Google' = <selenium.webdriver.remote.webdriver.WebDriver (session=\"12a9282db1055a4d3141a1011a49b755\")>.title\n\ntests/test_google.py:22: AssertionError","flaky":false,"newFailed":false,"newBroken":false,"newPassed":false,"retriesCount":0,"retriesStatusChange":false,"beforeStages":[{"name":"driver","time":{"start":1751241668740,"stop":1751241669550,"duration":810},"status":"passed","steps":[],"attachments":[],"parameters":[],"shouldDisplayMessage":false,"stepsCount":0,"attachmentsCount":0,"hasContent":false,"attachmentStep":false}],"testStage":{"status":"failed","statusMessage":"AssertionError: assert 'Not Google' in 'Google'\n +  where 'Google' = <selenium.webdriver.remote.webdriver.WebDriver (session=\"12a9282db1055a4d3141a1011a49b755\")>.title","statusTrace":"driver = <selenium.webdriver.remote.webdriver.WebDriver (session=\"12a9282db1055a4d3141a1011a49b755\")>\n\n    @allure.title(\"Проверка заголовка Not Google\")\n    @allure.severity(allure.severity_level.CRITICAL)\n    @pytest.mark.parametrize(\"driver\", [\"chrome\", \"firefox\"], indirect=True)\n    def test_google_title(driver):\n        with allure.step(\"Открываем Google\"):\n            driver.get(\"https://www.google.com\")\n    \n        with allure.step(\"Проверяем заголовок\"):\n>           assert \"Not Google\" in driver.title\nE           assert 'Not Google' in 'Google'\nE            +  where 'Google' = <selenium.webdriver.remote.webdriver.WebDriver (session=\"12a9282db1055a4d3141a1011a49b755\")>.title\n\ntests/test_google.py:22: AssertionError","steps":[{"name":"Открываем Google","time":{"start":1751241669551,"stop":1751241670107,"duration":556},"status":"passed","steps":[],"attachments":[],"parameters":[],"shouldDisplayMessage":false,"stepsCount":0,"attachmentsCount":0,"hasContent":false,"attachmentStep":false},{"name":"Проверяем заголовок","time":{"start":1751241670107,"stop":1751241670132,"duration":25},"status":"failed","statusMessage":"AssertionError: assert 'Not Google' in 'Google'\n +  where 'Google' = <selenium.webdriver.remote.webdriver.WebDriver (session=\"12a9282db1055a4d3141a1011a49b755\")>.title\n","statusTrace":"  File \"/home/runner/work/test_selenium_grid/test_selenium_grid/tests/test_google.py\", line 22, in test_google_title\n    assert \"Not Google\" in driver.title\n","steps":[],"attachments":[],"parameters":[],"shouldDisplayMessage":true,"stepsCount":0,"attachmentsCount":0,"hasContent":true,"attachmentStep":false}],"attachments":[{"uid":"81d980d18827a40","name":"screenshot","source":"81d980d18827a40.png","type":"image/png","size":32380}],"parameters":[],"shouldDisplayMessage":true,"stepsCount":2,"attachmentsCount":1,"hasContent":true,"attachmentStep":false},"afterStages":[{"name":"driver::0","time":{"start":1751241670263,"stop":1751241670368,"duration":105},"status":"passed","steps":[],"attachments":[],"parameters":[],"shouldDisplayMessage":false,"stepsCount":0,"attachmentsCount":0,"hasContent":false,"attachmentStep":false}],"labels":[{"name":"severity","value":"critical"},{"name":"parentSuite","value":"tests"},{"name":"suite","value":"test_google"},{"name":"host","value":"pkrvmbietmlfzoi"},{"name":"thread","value":"2906-MainThread"},{"name":"framework","value":"pytest"},{"name":"language","value":"cpython3"},{"name":"package","value":"tests.test_google"},{"name":"resultFormat","value":"allure2"}],"parameters":[{"name":"driver","value":"'chrome'"}],"links":[],"hidden":false,"retry":false,"extra":{"severity":"critical","retries":[],"categories":[{"name":"Product defects","matchedStatuses":[],"flaky":false}],"tags":[]},"source":"a14ea277be66b647.json","parameterValues":["'chrome'"]}